[0.144s] DEBUG:colcon:Command line arguments: ['/usr/bin/colcon', 'build', '--packages-select', 'pose_monitor']
[0.144s] DEBUG:colcon:Parsed command line arguments: Namespace(log_base=None, log_level=None, verb_name='build', build_base='build', install_base='install', merge_install=False, symlink_install=False, test_result_base=None, continue_on_error=False, executor='parallel', parallel_workers=18, event_handlers=None, ignore_user_meta=False, metas=['./colcon.meta'], base_paths=['.'], packages_ignore=None, packages_ignore_regex=None, paths=None, packages_up_to=None, packages_up_to_regex=None, packages_above=None, packages_above_and_dependencies=None, packages_above_depth=None, packages_select_by_dep=None, packages_skip_by_dep=None, packages_skip_up_to=None, packages_select_build_failed=False, packages_skip_build_finished=False, packages_select_test_failures=False, packages_skip_test_passed=False, packages_select=['pose_monitor'], packages_skip=None, packages_select_regex=None, packages_skip_regex=None, packages_start=None, packages_end=None, allow_overriding=[], cmake_args=None, cmake_target=None, cmake_target_skip_unavailable=False, cmake_clean_cache=False, cmake_clean_first=False, cmake_force_configure=False, ament_cmake_args=None, catkin_cmake_args=None, catkin_skip_building_tests=False, mixin_files=None, mixin=None, verb_parser=<colcon_mixin.mixin.mixin_argument.MixinArgumentDecorator object at 0x726b6c28e510>, verb_extension=<colcon_core.verb.build.BuildVerb object at 0x726b6c28e1e0>, main=<bound method BuildVerb.main of <colcon_core.verb.build.BuildVerb object at 0x726b6c28e1e0>>, mixin_verb=('build',))
[0.198s] Level 1:colcon.colcon_core.package_discovery:discover_packages(colcon_meta) check parameters
[0.198s] Level 1:colcon.colcon_core.package_discovery:discover_packages(recursive) check parameters
[0.198s] Level 1:colcon.colcon_core.package_discovery:discover_packages(ignore) check parameters
[0.198s] Level 1:colcon.colcon_core.package_discovery:discover_packages(path) check parameters
[0.198s] Level 1:colcon.colcon_core.package_discovery:discover_packages(colcon_meta) discover
[0.198s] Level 1:colcon.colcon_core.package_discovery:discover_packages(recursive) discover
[0.198s] INFO:colcon.colcon_core.package_discovery:Crawling recursively for packages in '/home/zenix/git/ros2'
[0.198s] Level 1:colcon.colcon_core.package_identification:_identify(.) by extensions ['ignore', 'ignore_ament_install']
[0.198s] Level 1:colcon.colcon_core.package_identification:_identify(.) by extension 'ignore'
[0.198s] Level 1:colcon.colcon_core.package_identification:_identify(.) by extension 'ignore_ament_install'
[0.199s] Level 1:colcon.colcon_core.package_identification:_identify(.) by extensions ['colcon_pkg']
[0.199s] Level 1:colcon.colcon_core.package_identification:_identify(.) by extension 'colcon_pkg'
[0.199s] Level 1:colcon.colcon_core.package_identification:_identify(.) by extensions ['colcon_meta']
[0.199s] Level 1:colcon.colcon_core.package_identification:_identify(.) by extension 'colcon_meta'
[0.199s] Level 1:colcon.colcon_core.package_identification:_identify(.) by extensions ['ros']
[0.199s] Level 1:colcon.colcon_core.package_identification:_identify(.) by extension 'ros'
[0.235s] Level 1:colcon.colcon_core.package_identification:_identify(.) by extensions ['cmake', 'python']
[0.235s] Level 1:colcon.colcon_core.package_identification:_identify(.) by extension 'cmake'
[0.235s] Level 1:colcon.colcon_core.package_identification:_identify(.) by extension 'python'
[0.235s] Level 1:colcon.colcon_core.package_identification:_identify(.) by extensions ['python_setup_py']
[0.236s] Level 1:colcon.colcon_core.package_identification:_identify(.) by extension 'python_setup_py'
[0.236s] Level 1:colcon.colcon_core.package_identification:_identify(build) by extensions ['ignore', 'ignore_ament_install']
[0.236s] Level 1:colcon.colcon_core.package_identification:_identify(build) by extension 'ignore'
[0.236s] Level 1:colcon.colcon_core.package_identification:_identify(build) ignored
[0.236s] Level 1:colcon.colcon_core.package_identification:_identify(driving_viewer) by extensions ['ignore', 'ignore_ament_install']
[0.236s] Level 1:colcon.colcon_core.package_identification:_identify(driving_viewer) by extension 'ignore'
[0.236s] Level 1:colcon.colcon_core.package_identification:_identify(driving_viewer) by extension 'ignore_ament_install'
[0.236s] Level 1:colcon.colcon_core.package_identification:_identify(driving_viewer) by extensions ['colcon_pkg']
[0.236s] Level 1:colcon.colcon_core.package_identification:_identify(driving_viewer) by extension 'colcon_pkg'
[0.236s] Level 1:colcon.colcon_core.package_identification:_identify(driving_viewer) by extensions ['colcon_meta']
[0.236s] Level 1:colcon.colcon_core.package_identification:_identify(driving_viewer) by extension 'colcon_meta'
[0.237s] Level 1:colcon.colcon_core.package_identification:_identify(driving_viewer) by extensions ['ros']
[0.237s] Level 1:colcon.colcon_core.package_identification:_identify(driving_viewer) by extension 'ros'
[0.240s] DEBUG:colcon.colcon_core.package_identification:Package 'driving_viewer' with type 'ros.ament_cmake' and name 'driving_viewer'
[0.240s] Level 1:colcon.colcon_core.package_identification:_identify(fms_mqtt_publish) by extensions ['ignore', 'ignore_ament_install']
[0.240s] Level 1:colcon.colcon_core.package_identification:_identify(fms_mqtt_publish) by extension 'ignore'
[0.241s] Level 1:colcon.colcon_core.package_identification:_identify(fms_mqtt_publish) by extension 'ignore_ament_install'
[0.241s] Level 1:colcon.colcon_core.package_identification:_identify(fms_mqtt_publish) by extensions ['colcon_pkg']
[0.241s] Level 1:colcon.colcon_core.package_identification:_identify(fms_mqtt_publish) by extension 'colcon_pkg'
[0.241s] Level 1:colcon.colcon_core.package_identification:_identify(fms_mqtt_publish) by extensions ['colcon_meta']
[0.241s] Level 1:colcon.colcon_core.package_identification:_identify(fms_mqtt_publish) by extension 'colcon_meta'
[0.241s] Level 1:colcon.colcon_core.package_identification:_identify(fms_mqtt_publish) by extensions ['ros']
[0.241s] Level 1:colcon.colcon_core.package_identification:_identify(fms_mqtt_publish) by extension 'ros'
[0.242s] DEBUG:colcon.colcon_core.package_identification:Package 'fms_mqtt_publish' with type 'ros.ament_cmake' and name 'fms_mqtt_publish'
[0.242s] Level 1:colcon.colcon_core.package_identification:_identify(gls100_ros2) by extensions ['ignore', 'ignore_ament_install']
[0.242s] Level 1:colcon.colcon_core.package_identification:_identify(gls100_ros2) by extension 'ignore'
[0.242s] Level 1:colcon.colcon_core.package_identification:_identify(gls100_ros2) by extension 'ignore_ament_install'
[0.242s] Level 1:colcon.colcon_core.package_identification:_identify(gls100_ros2) by extensions ['colcon_pkg']
[0.242s] Level 1:colcon.colcon_core.package_identification:_identify(gls100_ros2) by extension 'colcon_pkg'
[0.242s] Level 1:colcon.colcon_core.package_identification:_identify(gls100_ros2) by extensions ['colcon_meta']
[0.242s] Level 1:colcon.colcon_core.package_identification:_identify(gls100_ros2) by extension 'colcon_meta'
[0.242s] Level 1:colcon.colcon_core.package_identification:_identify(gls100_ros2) by extensions ['ros']
[0.242s] Level 1:colcon.colcon_core.package_identification:_identify(gls100_ros2) by extension 'ros'
[0.243s] DEBUG:colcon.colcon_core.package_identification:Package 'gls100_ros2' with type 'ros.ament_cmake' and name 'gls100_ros2'
[0.243s] Level 1:colcon.colcon_core.package_identification:_identify(install) by extensions ['ignore', 'ignore_ament_install']
[0.243s] Level 1:colcon.colcon_core.package_identification:_identify(install) by extension 'ignore'
[0.243s] Level 1:colcon.colcon_core.package_identification:_identify(install) ignored
[0.243s] Level 1:colcon.colcon_core.package_identification:_identify(log) by extensions ['ignore', 'ignore_ament_install']
[0.243s] Level 1:colcon.colcon_core.package_identification:_identify(log) by extension 'ignore'
[0.243s] Level 1:colcon.colcon_core.package_identification:_identify(log) ignored
[0.243s] Level 1:colcon.colcon_core.package_identification:_identify(map_editor) by extensions ['ignore', 'ignore_ament_install']
[0.244s] Level 1:colcon.colcon_core.package_identification:_identify(map_editor) by extension 'ignore'
[0.244s] Level 1:colcon.colcon_core.package_identification:_identify(map_editor) by extension 'ignore_ament_install'
[0.244s] Level 1:colcon.colcon_core.package_identification:_identify(map_editor) by extensions ['colcon_pkg']
[0.244s] Level 1:colcon.colcon_core.package_identification:_identify(map_editor) by extension 'colcon_pkg'
[0.244s] Level 1:colcon.colcon_core.package_identification:_identify(map_editor) by extensions ['colcon_meta']
[0.244s] Level 1:colcon.colcon_core.package_identification:_identify(map_editor) by extension 'colcon_meta'
[0.244s] Level 1:colcon.colcon_core.package_identification:_identify(map_editor) by extensions ['ros']
[0.244s] Level 1:colcon.colcon_core.package_identification:_identify(map_editor) by extension 'ros'
[0.244s] Level 1:colcon.colcon_core.package_identification:_identify(map_editor) by extensions ['cmake', 'python']
[0.244s] Level 1:colcon.colcon_core.package_identification:_identify(map_editor) by extension 'cmake'
[0.247s] Level 1:colcon.colcon_core.package_identification:_identify(map_editor) by extension 'python'
[0.247s] DEBUG:colcon.colcon_core.package_identification:Package 'map_editor' with type 'cmake' and name 'VDA5050MapEditor'
[0.247s] Level 1:colcon.colcon_core.package_identification:_identify(map_generator) by extensions ['ignore', 'ignore_ament_install']
[0.247s] Level 1:colcon.colcon_core.package_identification:_identify(map_generator) by extension 'ignore'
[0.247s] Level 1:colcon.colcon_core.package_identification:_identify(map_generator) by extension 'ignore_ament_install'
[0.247s] Level 1:colcon.colcon_core.package_identification:_identify(map_generator) by extensions ['colcon_pkg']
[0.248s] Level 1:colcon.colcon_core.package_identification:_identify(map_generator) by extension 'colcon_pkg'
[0.248s] Level 1:colcon.colcon_core.package_identification:_identify(map_generator) by extensions ['colcon_meta']
[0.248s] Level 1:colcon.colcon_core.package_identification:_identify(map_generator) by extension 'colcon_meta'
[0.248s] Level 1:colcon.colcon_core.package_identification:_identify(map_generator) by extensions ['ros']
[0.248s] Level 1:colcon.colcon_core.package_identification:_identify(map_generator) by extension 'ros'
[0.248s] DEBUG:colcon.colcon_core.package_identification:Package 'map_generator' with type 'ros.ament_cmake' and name 'map_generator'
[0.248s] Level 1:colcon.colcon_core.package_identification:_identify(pose_monitor) by extensions ['ignore', 'ignore_ament_install']
[0.248s] Level 1:colcon.colcon_core.package_identification:_identify(pose_monitor) by extension 'ignore'
[0.249s] Level 1:colcon.colcon_core.package_identification:_identify(pose_monitor) by extension 'ignore_ament_install'
[0.249s] Level 1:colcon.colcon_core.package_identification:_identify(pose_monitor) by extensions ['colcon_pkg']
[0.249s] Level 1:colcon.colcon_core.package_identification:_identify(pose_monitor) by extension 'colcon_pkg'
[0.249s] Level 1:colcon.colcon_core.package_identification:_identify(pose_monitor) by extensions ['colcon_meta']
[0.249s] Level 1:colcon.colcon_core.package_identification:_identify(pose_monitor) by extension 'colcon_meta'
[0.249s] Level 1:colcon.colcon_core.package_identification:_identify(pose_monitor) by extensions ['ros']
[0.249s] Level 1:colcon.colcon_core.package_identification:_identify(pose_monitor) by extension 'ros'
[0.250s] DEBUG:colcon.colcon_core.package_identification:Package 'pose_monitor' with type 'ros.ament_cmake' and name 'pose_monitor'
[0.250s] Level 1:colcon.colcon_core.package_identification:_identify(vloc_receiver) by extensions ['ignore', 'ignore_ament_install']
[0.250s] Level 1:colcon.colcon_core.package_identification:_identify(vloc_receiver) by extension 'ignore'
[0.250s] Level 1:colcon.colcon_core.package_identification:_identify(vloc_receiver) by extension 'ignore_ament_install'
[0.250s] Level 1:colcon.colcon_core.package_identification:_identify(vloc_receiver) by extensions ['colcon_pkg']
[0.250s] Level 1:colcon.colcon_core.package_identification:_identify(vloc_receiver) by extension 'colcon_pkg'
[0.250s] Level 1:colcon.colcon_core.package_identification:_identify(vloc_receiver) by extensions ['colcon_meta']
[0.250s] Level 1:colcon.colcon_core.package_identification:_identify(vloc_receiver) by extension 'colcon_meta'
[0.250s] Level 1:colcon.colcon_core.package_identification:_identify(vloc_receiver) by extensions ['ros']
[0.250s] Level 1:colcon.colcon_core.package_identification:_identify(vloc_receiver) by extension 'ros'
[0.251s] DEBUG:colcon.colcon_core.package_identification:Package 'vloc_receiver' with type 'ros.ament_cmake' and name 'vloc_receiver'
[0.251s] Level 1:colcon.colcon_core.package_discovery:discover_packages(recursive) using defaults
[0.251s] Level 1:colcon.colcon_core.package_discovery:discover_packages(ignore) discover
[0.251s] Level 1:colcon.colcon_core.package_discovery:discover_packages(ignore) using defaults
[0.251s] Level 1:colcon.colcon_core.package_discovery:discover_packages(path) discover
[0.251s] Level 1:colcon.colcon_core.package_discovery:discover_packages(path) using defaults
[0.278s] INFO:colcon.colcon_core.package_selection:Skipping not selected package 'VDA5050MapEditor' in 'map_editor'
[0.278s] INFO:colcon.colcon_core.package_selection:Skipping not selected package 'driving_viewer' in 'driving_viewer'
[0.278s] INFO:colcon.colcon_core.package_selection:Skipping not selected package 'fms_mqtt_publish' in 'fms_mqtt_publish'
[0.278s] INFO:colcon.colcon_core.package_selection:Skipping not selected package 'gls100_ros2' in 'gls100_ros2'
[0.278s] INFO:colcon.colcon_core.package_selection:Skipping not selected package 'map_generator' in 'map_generator'
[0.278s] INFO:colcon.colcon_core.package_selection:Skipping not selected package 'vloc_receiver' in 'vloc_receiver'
[0.278s] Level 1:colcon.colcon_core.package_discovery:discover_packages(prefix_path) check parameters
[0.278s] Level 1:colcon.colcon_core.package_discovery:discover_packages(prefix_path) discover
[0.281s] DEBUG:colcon.colcon_installed_package_information.package_discovery:Found 5 installed packages in /home/zenix/ros2_ws/install
[0.283s] DEBUG:colcon.colcon_installed_package_information.package_discovery:Found 378 installed packages in /opt/ros/jazzy
[0.286s] Level 1:colcon.colcon_core.package_discovery:discover_packages(prefix_path) using defaults
[0.348s] Level 5:colcon.colcon_core.verb:set package 'pose_monitor' build argument 'cmake_args' from command line to 'None'
[0.348s] Level 5:colcon.colcon_core.verb:set package 'pose_monitor' build argument 'cmake_target' from command line to 'None'
[0.348s] Level 5:colcon.colcon_core.verb:set package 'pose_monitor' build argument 'cmake_target_skip_unavailable' from command line to 'False'
[0.348s] Level 5:colcon.colcon_core.verb:set package 'pose_monitor' build argument 'cmake_clean_cache' from command line to 'False'
[0.348s] Level 5:colcon.colcon_core.verb:set package 'pose_monitor' build argument 'cmake_clean_first' from command line to 'False'
[0.348s] Level 5:colcon.colcon_core.verb:set package 'pose_monitor' build argument 'cmake_force_configure' from command line to 'False'
[0.348s] Level 5:colcon.colcon_core.verb:set package 'pose_monitor' build argument 'ament_cmake_args' from command line to 'None'
[0.348s] Level 5:colcon.colcon_core.verb:set package 'pose_monitor' build argument 'catkin_cmake_args' from command line to 'None'
[0.348s] Level 5:colcon.colcon_core.verb:set package 'pose_monitor' build argument 'catkin_skip_building_tests' from command line to 'False'
[0.348s] DEBUG:colcon.colcon_core.verb:Building package 'pose_monitor' with the following arguments: {'ament_cmake_args': None, 'build_base': '/home/zenix/git/ros2/build/pose_monitor', 'catkin_cmake_args': None, 'catkin_skip_building_tests': False, 'cmake_args': None, 'cmake_clean_cache': False, 'cmake_clean_first': False, 'cmake_force_configure': False, 'cmake_target': None, 'cmake_target_skip_unavailable': False, 'install_base': '/home/zenix/git/ros2/install/pose_monitor', 'merge_install': False, 'path': '/home/zenix/git/ros2/pose_monitor', 'symlink_install': False, 'test_result_base': None}
[0.348s] INFO:colcon.colcon_core.executor:Executing jobs using 'parallel' executor
[0.350s] DEBUG:colcon.colcon_parallel_executor.executor.parallel:run_until_complete
[0.350s] INFO:colcon.colcon_ros.task.ament_cmake.build:Building ROS package in '/home/zenix/git/ros2/pose_monitor' with build type 'ament_cmake'
[0.351s] INFO:colcon.colcon_cmake.task.cmake.build:Building CMake package in '/home/zenix/git/ros2/pose_monitor'
[0.354s] INFO:colcon.colcon_core.plugin_system:Skipping extension 'colcon_core.shell.bat': Not used on non-Windows systems
[0.354s] INFO:colcon.colcon_core.shell:Skip shell extension 'powershell' for command environment: Not usable outside of PowerShell
[0.354s] DEBUG:colcon.colcon_core.shell:Skip shell extension 'dsv' for command environment
[0.372s] DEBUG:colcon.colcon_core.event_handler.log_command:Invoking command in '/home/zenix/git/ros2/build/pose_monitor': CMAKE_PREFIX_PATH=/home/zenix/ros2_ws/install/vloc_receiver:/home/zenix/ros2_ws/install/pose_monitor:/home/zenix/ros2_ws/install/gls100_ros2:/home/zenix/ros2_ws/install/turtlesim:/opt/ros/jazzy:/home/zenix/ros2_ws/install/fms_mqtt_publish:/opt/ros/jazzy/opt/gz_sim_vendor:/opt/ros/jazzy/opt/gz_sensors_vendor:/opt/ros/jazzy/opt/gz_physics_vendor:/opt/ros/jazzy/opt/sdformat_vendor:/opt/ros/jazzy/opt/gz_gui_vendor:/opt/ros/jazzy/opt/gz_transport_vendor:/opt/ros/jazzy/opt/gz_rendering_vendor:/opt/ros/jazzy/opt/gz_plugin_vendor:/opt/ros/jazzy/opt/gz_fuel_tools_vendor:/opt/ros/jazzy/opt/gz_msgs_vendor:/opt/ros/jazzy/opt/gz_common_vendor:/opt/ros/jazzy/opt/gz_math_vendor:/opt/ros/jazzy/opt/gz_utils_vendor:/opt/ros/jazzy/opt/gz_tools_vendor:/opt/ros/jazzy/opt/gz_ogre_next_vendor:/opt/ros/jazzy/opt/gz_dartsim_vendor:/opt/ros/jazzy/opt/gz_cmake_vendor DEBUGINFOD_URLS=https://debuginfod.ubuntu.com /usr/bin/cmake /home/zenix/git/ros2/pose_monitor -DCMAKE_INSTALL_PREFIX=/home/zenix/git/ros2/install/pose_monitor
[2.563s] DEBUG:colcon.colcon_core.event_handler.log_command:Invoked command in '/home/zenix/git/ros2/build/pose_monitor' returned '0': CMAKE_PREFIX_PATH=/home/zenix/ros2_ws/install/vloc_receiver:/home/zenix/ros2_ws/install/pose_monitor:/home/zenix/ros2_ws/install/gls100_ros2:/home/zenix/ros2_ws/install/turtlesim:/opt/ros/jazzy:/home/zenix/ros2_ws/install/fms_mqtt_publish:/opt/ros/jazzy/opt/gz_sim_vendor:/opt/ros/jazzy/opt/gz_sensors_vendor:/opt/ros/jazzy/opt/gz_physics_vendor:/opt/ros/jazzy/opt/sdformat_vendor:/opt/ros/jazzy/opt/gz_gui_vendor:/opt/ros/jazzy/opt/gz_transport_vendor:/opt/ros/jazzy/opt/gz_rendering_vendor:/opt/ros/jazzy/opt/gz_plugin_vendor:/opt/ros/jazzy/opt/gz_fuel_tools_vendor:/opt/ros/jazzy/opt/gz_msgs_vendor:/opt/ros/jazzy/opt/gz_common_vendor:/opt/ros/jazzy/opt/gz_math_vendor:/opt/ros/jazzy/opt/gz_utils_vendor:/opt/ros/jazzy/opt/gz_tools_vendor:/opt/ros/jazzy/opt/gz_ogre_next_vendor:/opt/ros/jazzy/opt/gz_dartsim_vendor:/opt/ros/jazzy/opt/gz_cmake_vendor DEBUGINFOD_URLS=https://debuginfod.ubuntu.com /usr/bin/cmake /home/zenix/git/ros2/pose_monitor -DCMAKE_INSTALL_PREFIX=/home/zenix/git/ros2/install/pose_monitor
[2.564s] DEBUG:colcon.colcon_core.event_handler.log_command:Invoking command in '/home/zenix/git/ros2/build/pose_monitor': CMAKE_PREFIX_PATH=/home/zenix/ros2_ws/install/vloc_receiver:/home/zenix/ros2_ws/install/pose_monitor:/home/zenix/ros2_ws/install/gls100_ros2:/home/zenix/ros2_ws/install/turtlesim:/opt/ros/jazzy:/home/zenix/ros2_ws/install/fms_mqtt_publish:/opt/ros/jazzy/opt/gz_sim_vendor:/opt/ros/jazzy/opt/gz_sensors_vendor:/opt/ros/jazzy/opt/gz_physics_vendor:/opt/ros/jazzy/opt/sdformat_vendor:/opt/ros/jazzy/opt/gz_gui_vendor:/opt/ros/jazzy/opt/gz_transport_vendor:/opt/ros/jazzy/opt/gz_rendering_vendor:/opt/ros/jazzy/opt/gz_plugin_vendor:/opt/ros/jazzy/opt/gz_fuel_tools_vendor:/opt/ros/jazzy/opt/gz_msgs_vendor:/opt/ros/jazzy/opt/gz_common_vendor:/opt/ros/jazzy/opt/gz_math_vendor:/opt/ros/jazzy/opt/gz_utils_vendor:/opt/ros/jazzy/opt/gz_tools_vendor:/opt/ros/jazzy/opt/gz_ogre_next_vendor:/opt/ros/jazzy/opt/gz_dartsim_vendor:/opt/ros/jazzy/opt/gz_cmake_vendor DEBUGINFOD_URLS=https://debuginfod.ubuntu.com /usr/bin/cmake --build /home/zenix/git/ros2/build/pose_monitor -- -j18 -l18
[18.589s] DEBUG:colcon.colcon_core.event_handler.log_command:Invoked command in '/home/zenix/git/ros2/build/pose_monitor' returned '0': CMAKE_PREFIX_PATH=/home/zenix/ros2_ws/install/vloc_receiver:/home/zenix/ros2_ws/install/pose_monitor:/home/zenix/ros2_ws/install/gls100_ros2:/home/zenix/ros2_ws/install/turtlesim:/opt/ros/jazzy:/home/zenix/ros2_ws/install/fms_mqtt_publish:/opt/ros/jazzy/opt/gz_sim_vendor:/opt/ros/jazzy/opt/gz_sensors_vendor:/opt/ros/jazzy/opt/gz_physics_vendor:/opt/ros/jazzy/opt/sdformat_vendor:/opt/ros/jazzy/opt/gz_gui_vendor:/opt/ros/jazzy/opt/gz_transport_vendor:/opt/ros/jazzy/opt/gz_rendering_vendor:/opt/ros/jazzy/opt/gz_plugin_vendor:/opt/ros/jazzy/opt/gz_fuel_tools_vendor:/opt/ros/jazzy/opt/gz_msgs_vendor:/opt/ros/jazzy/opt/gz_common_vendor:/opt/ros/jazzy/opt/gz_math_vendor:/opt/ros/jazzy/opt/gz_utils_vendor:/opt/ros/jazzy/opt/gz_tools_vendor:/opt/ros/jazzy/opt/gz_ogre_next_vendor:/opt/ros/jazzy/opt/gz_dartsim_vendor:/opt/ros/jazzy/opt/gz_cmake_vendor DEBUGINFOD_URLS=https://debuginfod.ubuntu.com /usr/bin/cmake --build /home/zenix/git/ros2/build/pose_monitor -- -j18 -l18
[18.607s] DEBUG:colcon.colcon_core.event_handler.log_command:Invoking command in '/home/zenix/git/ros2/build/pose_monitor': CMAKE_PREFIX_PATH=/home/zenix/ros2_ws/install/vloc_receiver:/home/zenix/ros2_ws/install/pose_monitor:/home/zenix/ros2_ws/install/gls100_ros2:/home/zenix/ros2_ws/install/turtlesim:/opt/ros/jazzy:/home/zenix/ros2_ws/install/fms_mqtt_publish:/opt/ros/jazzy/opt/gz_sim_vendor:/opt/ros/jazzy/opt/gz_sensors_vendor:/opt/ros/jazzy/opt/gz_physics_vendor:/opt/ros/jazzy/opt/sdformat_vendor:/opt/ros/jazzy/opt/gz_gui_vendor:/opt/ros/jazzy/opt/gz_transport_vendor:/opt/ros/jazzy/opt/gz_rendering_vendor:/opt/ros/jazzy/opt/gz_plugin_vendor:/opt/ros/jazzy/opt/gz_fuel_tools_vendor:/opt/ros/jazzy/opt/gz_msgs_vendor:/opt/ros/jazzy/opt/gz_common_vendor:/opt/ros/jazzy/opt/gz_math_vendor:/opt/ros/jazzy/opt/gz_utils_vendor:/opt/ros/jazzy/opt/gz_tools_vendor:/opt/ros/jazzy/opt/gz_ogre_next_vendor:/opt/ros/jazzy/opt/gz_dartsim_vendor:/opt/ros/jazzy/opt/gz_cmake_vendor DEBUGINFOD_URLS=https://debuginfod.ubuntu.com /usr/bin/cmake --install /home/zenix/git/ros2/build/pose_monitor
[18.636s] Level 1:colcon.colcon_core.environment:create_environment_scripts_only(pose_monitor)
[18.638s] DEBUG:colcon.colcon_core.event_handler.log_command:Invoked command in '/home/zenix/git/ros2/build/pose_monitor' returned '0': CMAKE_PREFIX_PATH=/home/zenix/ros2_ws/install/vloc_receiver:/home/zenix/ros2_ws/install/pose_monitor:/home/zenix/ros2_ws/install/gls100_ros2:/home/zenix/ros2_ws/install/turtlesim:/opt/ros/jazzy:/home/zenix/ros2_ws/install/fms_mqtt_publish:/opt/ros/jazzy/opt/gz_sim_vendor:/opt/ros/jazzy/opt/gz_sensors_vendor:/opt/ros/jazzy/opt/gz_physics_vendor:/opt/ros/jazzy/opt/sdformat_vendor:/opt/ros/jazzy/opt/gz_gui_vendor:/opt/ros/jazzy/opt/gz_transport_vendor:/opt/ros/jazzy/opt/gz_rendering_vendor:/opt/ros/jazzy/opt/gz_plugin_vendor:/opt/ros/jazzy/opt/gz_fuel_tools_vendor:/opt/ros/jazzy/opt/gz_msgs_vendor:/opt/ros/jazzy/opt/gz_common_vendor:/opt/ros/jazzy/opt/gz_math_vendor:/opt/ros/jazzy/opt/gz_utils_vendor:/opt/ros/jazzy/opt/gz_tools_vendor:/opt/ros/jazzy/opt/gz_ogre_next_vendor:/opt/ros/jazzy/opt/gz_dartsim_vendor:/opt/ros/jazzy/opt/gz_cmake_vendor DEBUGINFOD_URLS=https://debuginfod.ubuntu.com /usr/bin/cmake --install /home/zenix/git/ros2/build/pose_monitor
[18.641s] Level 1:colcon.colcon_core.environment:checking '/home/zenix/git/ros2/install/pose_monitor' for CMake module files
[18.641s] Level 1:colcon.colcon_core.environment:checking '/home/zenix/git/ros2/install/pose_monitor' for CMake config files
[18.641s] Level 1:colcon.colcon_core.shell:create_environment_hook('pose_monitor', 'cmake_prefix_path')
[18.642s] INFO:colcon.colcon_core.shell:Creating environment hook '/home/zenix/git/ros2/install/pose_monitor/share/pose_monitor/hook/cmake_prefix_path.ps1'
[18.643s] INFO:colcon.colcon_core.shell:Creating environment descriptor '/home/zenix/git/ros2/install/pose_monitor/share/pose_monitor/hook/cmake_prefix_path.dsv'
[18.643s] INFO:colcon.colcon_core.shell:Creating environment hook '/home/zenix/git/ros2/install/pose_monitor/share/pose_monitor/hook/cmake_prefix_path.sh'
[18.644s] Level 1:colcon.colcon_core.environment:checking '/home/zenix/git/ros2/install/pose_monitor/lib'
[18.644s] Level 1:colcon.colcon_core.environment:checking '/home/zenix/git/ros2/install/pose_monitor/bin'
[18.645s] Level 1:colcon.colcon_core.environment:checking '/home/zenix/git/ros2/install/pose_monitor/lib/pkgconfig/pose_monitor.pc'
[18.645s] Level 1:colcon.colcon_core.environment:checking '/home/zenix/git/ros2/install/pose_monitor/lib/python3.12/site-packages'
[18.645s] Level 1:colcon.colcon_core.environment:checking '/home/zenix/git/ros2/install/pose_monitor/bin'
[18.645s] INFO:colcon.colcon_core.shell:Creating package script '/home/zenix/git/ros2/install/pose_monitor/share/pose_monitor/package.ps1'
[18.646s] INFO:colcon.colcon_core.shell:Creating package descriptor '/home/zenix/git/ros2/install/pose_monitor/share/pose_monitor/package.dsv'
[18.647s] INFO:colcon.colcon_core.shell:Creating package script '/home/zenix/git/ros2/install/pose_monitor/share/pose_monitor/package.sh'
[18.648s] INFO:colcon.colcon_core.shell:Creating package script '/home/zenix/git/ros2/install/pose_monitor/share/pose_monitor/package.bash'
[18.648s] INFO:colcon.colcon_core.shell:Creating package script '/home/zenix/git/ros2/install/pose_monitor/share/pose_monitor/package.zsh'
[18.649s] Level 1:colcon.colcon_core.environment:create_file_with_runtime_dependencies(/home/zenix/git/ros2/install/pose_monitor/share/colcon-core/packages/pose_monitor)
[18.650s] Level 1:colcon.colcon_core.environment:create_environment_scripts_only(pose_monitor)
[18.650s] Level 1:colcon.colcon_core.environment:checking '/home/zenix/git/ros2/install/pose_monitor' for CMake module files
[18.650s] Level 1:colcon.colcon_core.environment:checking '/home/zenix/git/ros2/install/pose_monitor' for CMake config files
[18.651s] Level 1:colcon.colcon_core.shell:create_environment_hook('pose_monitor', 'cmake_prefix_path')
[18.651s] INFO:colcon.colcon_core.shell:Creating environment hook '/home/zenix/git/ros2/install/pose_monitor/share/pose_monitor/hook/cmake_prefix_path.ps1'
[18.651s] INFO:colcon.colcon_core.shell:Creating environment descriptor '/home/zenix/git/ros2/install/pose_monitor/share/pose_monitor/hook/cmake_prefix_path.dsv'
[18.652s] INFO:colcon.colcon_core.shell:Creating environment hook '/home/zenix/git/ros2/install/pose_monitor/share/pose_monitor/hook/cmake_prefix_path.sh'
[18.652s] Level 1:colcon.colcon_core.environment:checking '/home/zenix/git/ros2/install/pose_monitor/lib'
[18.652s] Level 1:colcon.colcon_core.environment:checking '/home/zenix/git/ros2/install/pose_monitor/bin'
[18.652s] Level 1:colcon.colcon_core.environment:checking '/home/zenix/git/ros2/install/pose_monitor/lib/pkgconfig/pose_monitor.pc'
[18.653s] Level 1:colcon.colcon_core.environment:checking '/home/zenix/git/ros2/install/pose_monitor/lib/python3.12/site-packages'
[18.653s] Level 1:colcon.colcon_core.environment:checking '/home/zenix/git/ros2/install/pose_monitor/bin'
[18.653s] INFO:colcon.colcon_core.shell:Creating package script '/home/zenix/git/ros2/install/pose_monitor/share/pose_monitor/package.ps1'
[18.654s] INFO:colcon.colcon_core.shell:Creating package descriptor '/home/zenix/git/ros2/install/pose_monitor/share/pose_monitor/package.dsv'
[18.654s] INFO:colcon.colcon_core.shell:Creating package script '/home/zenix/git/ros2/install/pose_monitor/share/pose_monitor/package.sh'
[18.655s] INFO:colcon.colcon_core.shell:Creating package script '/home/zenix/git/ros2/install/pose_monitor/share/pose_monitor/package.bash'
[18.655s] INFO:colcon.colcon_core.shell:Creating package script '/home/zenix/git/ros2/install/pose_monitor/share/pose_monitor/package.zsh'
[18.655s] Level 1:colcon.colcon_core.environment:create_file_with_runtime_dependencies(/home/zenix/git/ros2/install/pose_monitor/share/colcon-core/packages/pose_monitor)
[18.656s] DEBUG:colcon.colcon_parallel_executor.executor.parallel:closing loop
[18.656s] DEBUG:colcon.colcon_parallel_executor.executor.parallel:loop closed
[18.656s] DEBUG:colcon.colcon_parallel_executor.executor.parallel:run_until_complete finished with '0'
[18.656s] DEBUG:colcon.colcon_core.event_reactor:joining thread
[18.665s] INFO:colcon.colcon_core.plugin_system:Skipping extension 'colcon_notification.desktop_notification.terminal_notifier': Not used on non-Darwin systems
[18.666s] INFO:colcon.colcon_core.plugin_system:Skipping extension 'colcon_notification.desktop_notification.win32': Not used on non-Windows systems
[18.666s] INFO:colcon.colcon_notification.desktop_notification:Sending desktop notification using 'notify2'
[18.688s] DEBUG:colcon.colcon_core.event_reactor:joined thread
[18.689s] INFO:colcon.colcon_core.shell:Creating prefix script '/home/zenix/git/ros2/install/local_setup.ps1'
[18.690s] INFO:colcon.colcon_core.shell:Creating prefix util module '/home/zenix/git/ros2/install/_local_setup_util_ps1.py'
[18.691s] INFO:colcon.colcon_core.shell:Creating prefix chain script '/home/zenix/git/ros2/install/setup.ps1'
[18.693s] INFO:colcon.colcon_core.shell:Creating prefix script '/home/zenix/git/ros2/install/local_setup.sh'
[18.693s] INFO:colcon.colcon_core.shell:Creating prefix util module '/home/zenix/git/ros2/install/_local_setup_util_sh.py'
[18.694s] INFO:colcon.colcon_core.shell:Creating prefix chain script '/home/zenix/git/ros2/install/setup.sh'
[18.695s] INFO:colcon.colcon_core.shell:Creating prefix script '/home/zenix/git/ros2/install/local_setup.bash'
[18.696s] INFO:colcon.colcon_core.shell:Creating prefix chain script '/home/zenix/git/ros2/install/setup.bash'
[18.697s] INFO:colcon.colcon_core.shell:Creating prefix script '/home/zenix/git/ros2/install/local_setup.zsh'
[18.697s] INFO:colcon.colcon_core.shell:Creating prefix chain script '/home/zenix/git/ros2/install/setup.zsh'
