-- The C compiler identification is GNU 13.3.0
-- The CXX compiler identification is GNU 13.3.0
-- Detecting C compiler ABI info
-- Detecting C compiler ABI info - done
-- Check for working C compiler: /usr/bin/cc - skipped
-- Detecting C compile features
-- Detecting C compile features - done
-- Detecting CXX compiler ABI info
-- Detecting CXX compiler ABI info - done
-- Check for working CXX compiler: /usr/bin/c++ - skipped
-- Detecting CXX compile features
-- Detecting CXX compile features - done
-- Found ament_cmake: 2.5.4 (/opt/ros/jazzy/share/ament_cmake/cmake)
-- Found Python3: /usr/bin/python3 (found version "3.12.3") found components: Interpreter 
-- Found rclcpp: 28.1.10 (/opt/ros/jazzy/share/rclcpp/cmake)
-- Found rosidl_generator_c: 4.6.5 (/opt/ros/jazzy/share/rosidl_generator_c/cmake)
-- Found rosidl_generator_cpp: 4.6.5 (/opt/ros/jazzy/share/rosidl_generator_cpp/cmake)
-- Using all available rosidl_typesupport_c: rosidl_typesupport_fastrtps_c;rosidl_typesupport_introspection_c
-- Using all available rosidl_typesupport_cpp: rosidl_typesupport_fastrtps_cpp;rosidl_typesupport_introspection_cpp
-- Found rmw_implementation_cmake: 7.3.2 (/opt/ros/jazzy/share/rmw_implementation_cmake/cmake)
-- Found rmw_fastrtps_cpp: 8.4.2 (/opt/ros/jazzy/share/rmw_fastrtps_cpp/cmake)
-- Found OpenSSL: /usr/lib/x86_64-linux-gnu/libcrypto.so (found version "3.0.13")  
-- Found FastRTPS: /opt/ros/jazzy/include (Required is at least version "2.13") 
-- Using RMW implementation 'rmw_fastrtps_cpp' as default
-- Found geometry_msgs: 5.3.6 (/opt/ros/jazzy/share/geometry_msgs/cmake)
-- Found tf2: 0.36.12 (/opt/ros/jazzy/share/tf2/cmake)
-- Found tf2_geometry_msgs: 0.36.12 (/opt/ros/jazzy/share/tf2_geometry_msgs/cmake)
-- Found eigen3_cmake_module: 0.3.0 (/opt/ros/jazzy/share/eigen3_cmake_module/cmake)
-- Found Eigen3: TRUE (found version "3.4.0") 
-- Ensuring Eigen3 include directory is part of orocos-kdl CMake target
-- Found cv_bridge: 4.1.0 (/opt/ros/jazzy/share/cv_bridge/cmake)
-- Found OpenCV: /usr (found version "4.6.0") 
-- Found ament_lint_auto: 0.17.2 (/opt/ros/jazzy/share/ament_lint_auto/cmake)
-- Added test 'copyright' to check source files copyright and LICENSE
-- Added test 'cppcheck' to perform static code analysis on C / C++ code
-- Configured cppcheck include dirs: 
-- Configured cppcheck exclude dirs and/or files: 
-- Added test 'cpplint' to check C / C++ code against the Google style
-- Configured cpplint exclude dirs and/or files: 
-- Added test 'lint_cmake' to check CMake code style
-- Added test 'uncrustify' to check C / C++ code style
-- Configured uncrustify additional arguments: 
-- Added test 'xmllint' to check XML markup files
-- Configuring done (2.1s)
-- Generating done (0.0s)
-- Build files have been written to: /home/zenix/git/ros2/build/pose_monitor
[ 50%] [32mBuilding CXX object CMakeFiles/pose_monitor_node.dir/src/pose_monitor_node.cpp.o[0m
[01m[K/home/zenix/git/ros2/pose_monitor/src/pose_monitor_node.cpp:[m[K In member function ‘[01m[Kvoid PoseMonitor::[01;32m[KsaveToCSV[m[K()[m[K’:
[01m[K/home/zenix/git/ros2/pose_monitor/src/pose_monitor_node.cpp:191:36:[m[K [01;35m[Kwarning: [m[Kcomparison of integer expressions of different signedness: ‘[01m[Kstd::deque<std::__cxx11::basic_string<char> >::size_type[m[K’ {aka ‘[01m[Klong unsigned int[m[K’} and ‘[01m[Kconst int[m[K’ [[01;35m[K]8;;https://gcc.gnu.org/onlinedocs/gcc/Warning-Options.html#index-Wsign-compare-Wsign-compare]8;;[m[K]
  191 |         while ([01;35m[Klog_history_.size() > MAX_LOG_LINES[m[K) {
      |                [01;35m[K~~~~~~~~~~~~~~~~~~~~^~~~~~~~~~~~~~~[m[K
[01m[K/home/zenix/git/ros2/pose_monitor/src/pose_monitor_node.cpp:[m[K In static member function ‘[01m[Kstatic void PoseMonitor::[01;32m[KmouseCallback[m[K(int, int, int, int, void*)[m[K’:
[01m[K/home/zenix/git/ros2/pose_monitor/src/pose_monitor_node.cpp:198:60:[m[K [01;35m[Kwarning: [m[Kunused parameter ‘[01m[Kflags[m[K’ [[01;35m[K]8;;https://gcc.gnu.org/onlinedocs/gcc/Warning-Options.html#index-Wunused-parameter-Wunused-parameter]8;;[m[K]
  198 |     static void mouseCallback(int event, int x, int y, [01;35m[Kint flags[m[K, void* userdata) {
      |                                                        [01;35m[K~~~~^~~~~[m[K
[100%] [32m[1mLinking CXX executable pose_monitor_node[0m
[100%] Built target pose_monitor_node
-- Install configuration: ""
-- Installing: /home/zenix/git/ros2/install/pose_monitor/lib/pose_monitor/pose_monitor_node
-- Set non-toolchain portion of runtime path of "/home/zenix/git/ros2/install/pose_monitor/lib/pose_monitor/pose_monitor_node" to ""
-- Installing: /home/zenix/git/ros2/install/pose_monitor/share/ament_index/resource_index/package_run_dependencies/pose_monitor
-- Installing: /home/zenix/git/ros2/install/pose_monitor/share/ament_index/resource_index/parent_prefix_path/pose_monitor
-- Installing: /home/zenix/git/ros2/install/pose_monitor/share/pose_monitor/environment/ament_prefix_path.sh
-- Installing: /home/zenix/git/ros2/install/pose_monitor/share/pose_monitor/environment/ament_prefix_path.dsv
-- Installing: /home/zenix/git/ros2/install/pose_monitor/share/pose_monitor/environment/path.sh
-- Installing: /home/zenix/git/ros2/install/pose_monitor/share/pose_monitor/environment/path.dsv
-- Installing: /home/zenix/git/ros2/install/pose_monitor/share/pose_monitor/local_setup.bash
-- Installing: /home/zenix/git/ros2/install/pose_monitor/share/pose_monitor/local_setup.sh
-- Installing: /home/zenix/git/ros2/install/pose_monitor/share/pose_monitor/local_setup.zsh
-- Installing: /home/zenix/git/ros2/install/pose_monitor/share/pose_monitor/local_setup.dsv
-- Installing: /home/zenix/git/ros2/install/pose_monitor/share/pose_monitor/package.dsv
-- Installing: /home/zenix/git/ros2/install/pose_monitor/share/ament_index/resource_index/packages/pose_monitor
-- Installing: /home/zenix/git/ros2/install/pose_monitor/share/pose_monitor/cmake/pose_monitorConfig.cmake
-- Installing: /home/zenix/git/ros2/install/pose_monitor/share/pose_monitor/cmake/pose_monitorConfig-version.cmake
-- Installing: /home/zenix/git/ros2/install/pose_monitor/share/pose_monitor/package.xml
