[0.020s] Invoking command in '/home/zenix/git/ros2/build/pose_monitor': CMAKE_PREFIX_PATH=/home/zenix/ros2_ws/install/vloc_receiver:/home/zenix/ros2_ws/install/pose_monitor:/home/zenix/ros2_ws/install/gls100_ros2:/home/zenix/ros2_ws/install/turtlesim:/opt/ros/jazzy:/home/zenix/ros2_ws/install/fms_mqtt_publish:/opt/ros/jazzy/opt/gz_sim_vendor:/opt/ros/jazzy/opt/gz_sensors_vendor:/opt/ros/jazzy/opt/gz_physics_vendor:/opt/ros/jazzy/opt/sdformat_vendor:/opt/ros/jazzy/opt/gz_gui_vendor:/opt/ros/jazzy/opt/gz_transport_vendor:/opt/ros/jazzy/opt/gz_rendering_vendor:/opt/ros/jazzy/opt/gz_plugin_vendor:/opt/ros/jazzy/opt/gz_fuel_tools_vendor:/opt/ros/jazzy/opt/gz_msgs_vendor:/opt/ros/jazzy/opt/gz_common_vendor:/opt/ros/jazzy/opt/gz_math_vendor:/opt/ros/jazzy/opt/gz_utils_vendor:/opt/ros/jazzy/opt/gz_tools_vendor:/opt/ros/jazzy/opt/gz_ogre_next_vendor:/opt/ros/jazzy/opt/gz_dartsim_vendor:/opt/ros/jazzy/opt/gz_cmake_vendor DEBUGINFOD_URLS=https://debuginfod.ubuntu.com /usr/bin/cmake /home/zenix/git/ros2/pose_monitor -DCMAKE_INSTALL_PREFIX=/home/zenix/git/ros2/install/pose_monitor
[0.129s] -- The C compiler identification is GNU 13.3.0
[0.223s] -- The CXX compiler identification is GNU 13.3.0
[0.262s] -- Detecting C compiler ABI info
[0.446s] -- Detecting C compiler ABI info - done
[0.469s] -- Check for working C compiler: /usr/bin/cc - skipped
[0.469s] -- Detecting C compile features
[0.470s] -- Detecting C compile features - done
[0.485s] -- Detecting CXX compiler ABI info
[0.657s] -- Detecting CXX compiler ABI info - done
[0.670s] -- Check for working CXX compiler: /usr/bin/c++ - skipped
[0.670s] -- Detecting CXX compile features
[0.670s] -- Detecting CXX compile features - done
[0.674s] -- Found ament_cmake: 2.5.4 (/opt/ros/jazzy/share/ament_cmake/cmake)
[0.936s] -- Found Python3: /usr/bin/python3 (found version "3.12.3") found components: Interpreter 
[1.096s] -- Found rclcpp: 28.1.10 (/opt/ros/jazzy/share/rclcpp/cmake)
[1.153s] -- Found rosidl_generator_c: 4.6.5 (/opt/ros/jazzy/share/rosidl_generator_c/cmake)
[1.171s] -- Found rosidl_generator_cpp: 4.6.5 (/opt/ros/jazzy/share/rosidl_generator_cpp/cmake)
[1.192s] -- Using all available rosidl_typesupport_c: rosidl_typesupport_fastrtps_c;rosidl_typesupport_introspection_c
[1.215s] -- Using all available rosidl_typesupport_cpp: rosidl_typesupport_fastrtps_cpp;rosidl_typesupport_introspection_cpp
[1.319s] -- Found rmw_implementation_cmake: 7.3.2 (/opt/ros/jazzy/share/rmw_implementation_cmake/cmake)
[1.323s] -- Found rmw_fastrtps_cpp: 8.4.2 (/opt/ros/jazzy/share/rmw_fastrtps_cpp/cmake)
[1.478s] -- Found OpenSSL: /usr/lib/x86_64-linux-gnu/libcrypto.so (found version "3.0.13")  
[1.511s] -- Found FastRTPS: /opt/ros/jazzy/include (Required is at least version "2.13") 
[1.551s] -- Using RMW implementation 'rmw_fastrtps_cpp' as default
[1.656s] -- Found geometry_msgs: 5.3.6 (/opt/ros/jazzy/share/geometry_msgs/cmake)
[1.703s] -- Found tf2: 0.36.12 (/opt/ros/jazzy/share/tf2/cmake)
[1.710s] -- Found tf2_geometry_msgs: 0.36.12 (/opt/ros/jazzy/share/tf2_geometry_msgs/cmake)
[1.736s] -- Found eigen3_cmake_module: 0.3.0 (/opt/ros/jazzy/share/eigen3_cmake_module/cmake)
[1.738s] -- Found Eigen3: TRUE (found version "3.4.0") 
[1.739s] -- Ensuring Eigen3 include directory is part of orocos-kdl CMake target
[1.925s] -- Found cv_bridge: 4.1.0 (/opt/ros/jazzy/share/cv_bridge/cmake)
[1.986s] -- Found OpenCV: /usr (found version "4.6.0") 
[1.990s] -- Found ament_lint_auto: 0.17.2 (/opt/ros/jazzy/share/ament_lint_auto/cmake)
[2.149s] -- Added test 'copyright' to check source files copyright and LICENSE
[2.150s] -- Added test 'cppcheck' to perform static code analysis on C / C++ code
[2.151s] -- Configured cppcheck include dirs: 
[2.151s] -- Configured cppcheck exclude dirs and/or files: 
[2.152s] -- Added test 'cpplint' to check C / C++ code against the Google style
[2.152s] -- Configured cpplint exclude dirs and/or files: 
[2.152s] -- Added test 'lint_cmake' to check CMake code style
[2.153s] -- Added test 'uncrustify' to check C / C++ code style
[2.153s] -- Configured uncrustify additional arguments: 
[2.154s] -- Added test 'xmllint' to check XML markup files
[2.156s] -- Configuring done (2.1s)
[2.181s] -- Generating done (0.0s)
[2.187s] -- Build files have been written to: /home/zenix/git/ros2/build/pose_monitor
[2.211s] Invoked command in '/home/zenix/git/ros2/build/pose_monitor' returned '0': CMAKE_PREFIX_PATH=/home/zenix/ros2_ws/install/vloc_receiver:/home/zenix/ros2_ws/install/pose_monitor:/home/zenix/ros2_ws/install/gls100_ros2:/home/zenix/ros2_ws/install/turtlesim:/opt/ros/jazzy:/home/zenix/ros2_ws/install/fms_mqtt_publish:/opt/ros/jazzy/opt/gz_sim_vendor:/opt/ros/jazzy/opt/gz_sensors_vendor:/opt/ros/jazzy/opt/gz_physics_vendor:/opt/ros/jazzy/opt/sdformat_vendor:/opt/ros/jazzy/opt/gz_gui_vendor:/opt/ros/jazzy/opt/gz_transport_vendor:/opt/ros/jazzy/opt/gz_rendering_vendor:/opt/ros/jazzy/opt/gz_plugin_vendor:/opt/ros/jazzy/opt/gz_fuel_tools_vendor:/opt/ros/jazzy/opt/gz_msgs_vendor:/opt/ros/jazzy/opt/gz_common_vendor:/opt/ros/jazzy/opt/gz_math_vendor:/opt/ros/jazzy/opt/gz_utils_vendor:/opt/ros/jazzy/opt/gz_tools_vendor:/opt/ros/jazzy/opt/gz_ogre_next_vendor:/opt/ros/jazzy/opt/gz_dartsim_vendor:/opt/ros/jazzy/opt/gz_cmake_vendor DEBUGINFOD_URLS=https://debuginfod.ubuntu.com /usr/bin/cmake /home/zenix/git/ros2/pose_monitor -DCMAKE_INSTALL_PREFIX=/home/zenix/git/ros2/install/pose_monitor
[2.212s] Invoking command in '/home/zenix/git/ros2/build/pose_monitor': CMAKE_PREFIX_PATH=/home/zenix/ros2_ws/install/vloc_receiver:/home/zenix/ros2_ws/install/pose_monitor:/home/zenix/ros2_ws/install/gls100_ros2:/home/zenix/ros2_ws/install/turtlesim:/opt/ros/jazzy:/home/zenix/ros2_ws/install/fms_mqtt_publish:/opt/ros/jazzy/opt/gz_sim_vendor:/opt/ros/jazzy/opt/gz_sensors_vendor:/opt/ros/jazzy/opt/gz_physics_vendor:/opt/ros/jazzy/opt/sdformat_vendor:/opt/ros/jazzy/opt/gz_gui_vendor:/opt/ros/jazzy/opt/gz_transport_vendor:/opt/ros/jazzy/opt/gz_rendering_vendor:/opt/ros/jazzy/opt/gz_plugin_vendor:/opt/ros/jazzy/opt/gz_fuel_tools_vendor:/opt/ros/jazzy/opt/gz_msgs_vendor:/opt/ros/jazzy/opt/gz_common_vendor:/opt/ros/jazzy/opt/gz_math_vendor:/opt/ros/jazzy/opt/gz_utils_vendor:/opt/ros/jazzy/opt/gz_tools_vendor:/opt/ros/jazzy/opt/gz_ogre_next_vendor:/opt/ros/jazzy/opt/gz_dartsim_vendor:/opt/ros/jazzy/opt/gz_cmake_vendor DEBUGINFOD_URLS=https://debuginfod.ubuntu.com /usr/bin/cmake --build /home/zenix/git/ros2/build/pose_monitor -- -j18 -l18
[2.310s] [ 50%] [32mBuilding CXX object CMakeFiles/pose_monitor_node.dir/src/pose_monitor_node.cpp.o[0m
[6.969s] [01m[K/home/zenix/git/ros2/pose_monitor/src/pose_monitor_node.cpp:[m[K In member function ‘[01m[Kvoid PoseMonitor::[01;32m[KsaveToCSV[m[K()[m[K’:
[6.969s] [01m[K/home/zenix/git/ros2/pose_monitor/src/pose_monitor_node.cpp:191:36:[m[K [01;35m[Kwarning: [m[Kcomparison of integer expressions of different signedness: ‘[01m[Kstd::deque<std::__cxx11::basic_string<char> >::size_type[m[K’ {aka ‘[01m[Klong unsigned int[m[K’} and ‘[01m[Kconst int[m[K’ [[01;35m[K]8;;https://gcc.gnu.org/onlinedocs/gcc/Warning-Options.html#index-Wsign-compare-Wsign-compare]8;;[m[K]
[6.969s]   191 |         while ([01;35m[Klog_history_.size() > MAX_LOG_LINES[m[K) {
[6.969s]       |                [01;35m[K~~~~~~~~~~~~~~~~~~~~^~~~~~~~~~~~~~~[m[K
[6.970s] [01m[K/home/zenix/git/ros2/pose_monitor/src/pose_monitor_node.cpp:[m[K In static member function ‘[01m[Kstatic void PoseMonitor::[01;32m[KmouseCallback[m[K(int, int, int, int, void*)[m[K’:
[6.970s] [01m[K/home/zenix/git/ros2/pose_monitor/src/pose_monitor_node.cpp:198:60:[m[K [01;35m[Kwarning: [m[Kunused parameter ‘[01m[Kflags[m[K’ [[01;35m[K]8;;https://gcc.gnu.org/onlinedocs/gcc/Warning-Options.html#index-Wunused-parameter-Wunused-parameter]8;;[m[K]
[6.971s]   198 |     static void mouseCallback(int event, int x, int y, [01;35m[Kint flags[m[K, void* userdata) {
[6.971s]       |                                                        [01;35m[K~~~~^~~~~[m[K
[16.742s] [100%] [32m[1mLinking CXX executable pose_monitor_node[0m
[18.189s] [100%] Built target pose_monitor_node
[18.237s] Invoked command in '/home/zenix/git/ros2/build/pose_monitor' returned '0': CMAKE_PREFIX_PATH=/home/zenix/ros2_ws/install/vloc_receiver:/home/zenix/ros2_ws/install/pose_monitor:/home/zenix/ros2_ws/install/gls100_ros2:/home/zenix/ros2_ws/install/turtlesim:/opt/ros/jazzy:/home/zenix/ros2_ws/install/fms_mqtt_publish:/opt/ros/jazzy/opt/gz_sim_vendor:/opt/ros/jazzy/opt/gz_sensors_vendor:/opt/ros/jazzy/opt/gz_physics_vendor:/opt/ros/jazzy/opt/sdformat_vendor:/opt/ros/jazzy/opt/gz_gui_vendor:/opt/ros/jazzy/opt/gz_transport_vendor:/opt/ros/jazzy/opt/gz_rendering_vendor:/opt/ros/jazzy/opt/gz_plugin_vendor:/opt/ros/jazzy/opt/gz_fuel_tools_vendor:/opt/ros/jazzy/opt/gz_msgs_vendor:/opt/ros/jazzy/opt/gz_common_vendor:/opt/ros/jazzy/opt/gz_math_vendor:/opt/ros/jazzy/opt/gz_utils_vendor:/opt/ros/jazzy/opt/gz_tools_vendor:/opt/ros/jazzy/opt/gz_ogre_next_vendor:/opt/ros/jazzy/opt/gz_dartsim_vendor:/opt/ros/jazzy/opt/gz_cmake_vendor DEBUGINFOD_URLS=https://debuginfod.ubuntu.com /usr/bin/cmake --build /home/zenix/git/ros2/build/pose_monitor -- -j18 -l18
[18.255s] Invoking command in '/home/zenix/git/ros2/build/pose_monitor': CMAKE_PREFIX_PATH=/home/zenix/ros2_ws/install/vloc_receiver:/home/zenix/ros2_ws/install/pose_monitor:/home/zenix/ros2_ws/install/gls100_ros2:/home/zenix/ros2_ws/install/turtlesim:/opt/ros/jazzy:/home/zenix/ros2_ws/install/fms_mqtt_publish:/opt/ros/jazzy/opt/gz_sim_vendor:/opt/ros/jazzy/opt/gz_sensors_vendor:/opt/ros/jazzy/opt/gz_physics_vendor:/opt/ros/jazzy/opt/sdformat_vendor:/opt/ros/jazzy/opt/gz_gui_vendor:/opt/ros/jazzy/opt/gz_transport_vendor:/opt/ros/jazzy/opt/gz_rendering_vendor:/opt/ros/jazzy/opt/gz_plugin_vendor:/opt/ros/jazzy/opt/gz_fuel_tools_vendor:/opt/ros/jazzy/opt/gz_msgs_vendor:/opt/ros/jazzy/opt/gz_common_vendor:/opt/ros/jazzy/opt/gz_math_vendor:/opt/ros/jazzy/opt/gz_utils_vendor:/opt/ros/jazzy/opt/gz_tools_vendor:/opt/ros/jazzy/opt/gz_ogre_next_vendor:/opt/ros/jazzy/opt/gz_dartsim_vendor:/opt/ros/jazzy/opt/gz_cmake_vendor DEBUGINFOD_URLS=https://debuginfod.ubuntu.com /usr/bin/cmake --install /home/zenix/git/ros2/build/pose_monitor
[18.272s] -- Install configuration: ""
[18.272s] -- Installing: /home/zenix/git/ros2/install/pose_monitor/lib/pose_monitor/pose_monitor_node
[18.279s] -- Set non-toolchain portion of runtime path of "/home/zenix/git/ros2/install/pose_monitor/lib/pose_monitor/pose_monitor_node" to ""
[18.279s] -- Installing: /home/zenix/git/ros2/install/pose_monitor/share/ament_index/resource_index/package_run_dependencies/pose_monitor
[18.279s] -- Installing: /home/zenix/git/ros2/install/pose_monitor/share/ament_index/resource_index/parent_prefix_path/pose_monitor
[18.279s] -- Installing: /home/zenix/git/ros2/install/pose_monitor/share/pose_monitor/environment/ament_prefix_path.sh
[18.280s] -- Installing: /home/zenix/git/ros2/install/pose_monitor/share/pose_monitor/environment/ament_prefix_path.dsv
[18.280s] -- Installing: /home/zenix/git/ros2/install/pose_monitor/share/pose_monitor/environment/path.sh
[18.280s] -- Installing: /home/zenix/git/ros2/install/pose_monitor/share/pose_monitor/environment/path.dsv
[18.280s] -- Installing: /home/zenix/git/ros2/install/pose_monitor/share/pose_monitor/local_setup.bash
[18.280s] -- Installing: /home/zenix/git/ros2/install/pose_monitor/share/pose_monitor/local_setup.sh
[18.280s] -- Installing: /home/zenix/git/ros2/install/pose_monitor/share/pose_monitor/local_setup.zsh
[18.280s] -- Installing: /home/zenix/git/ros2/install/pose_monitor/share/pose_monitor/local_setup.dsv
[18.280s] -- Installing: /home/zenix/git/ros2/install/pose_monitor/share/pose_monitor/package.dsv
[18.281s] -- Installing: /home/zenix/git/ros2/install/pose_monitor/share/ament_index/resource_index/packages/pose_monitor
[18.281s] -- Installing: /home/zenix/git/ros2/install/pose_monitor/share/pose_monitor/cmake/pose_monitorConfig.cmake
[18.281s] -- Installing: /home/zenix/git/ros2/install/pose_monitor/share/pose_monitor/cmake/pose_monitorConfig-version.cmake
[18.281s] -- Installing: /home/zenix/git/ros2/install/pose_monitor/share/pose_monitor/package.xml
[18.286s] Invoked command in '/home/zenix/git/ros2/build/pose_monitor' returned '0': CMAKE_PREFIX_PATH=/home/zenix/ros2_ws/install/vloc_receiver:/home/zenix/ros2_ws/install/pose_monitor:/home/zenix/ros2_ws/install/gls100_ros2:/home/zenix/ros2_ws/install/turtlesim:/opt/ros/jazzy:/home/zenix/ros2_ws/install/fms_mqtt_publish:/opt/ros/jazzy/opt/gz_sim_vendor:/opt/ros/jazzy/opt/gz_sensors_vendor:/opt/ros/jazzy/opt/gz_physics_vendor:/opt/ros/jazzy/opt/sdformat_vendor:/opt/ros/jazzy/opt/gz_gui_vendor:/opt/ros/jazzy/opt/gz_transport_vendor:/opt/ros/jazzy/opt/gz_rendering_vendor:/opt/ros/jazzy/opt/gz_plugin_vendor:/opt/ros/jazzy/opt/gz_fuel_tools_vendor:/opt/ros/jazzy/opt/gz_msgs_vendor:/opt/ros/jazzy/opt/gz_common_vendor:/opt/ros/jazzy/opt/gz_math_vendor:/opt/ros/jazzy/opt/gz_utils_vendor:/opt/ros/jazzy/opt/gz_tools_vendor:/opt/ros/jazzy/opt/gz_ogre_next_vendor:/opt/ros/jazzy/opt/gz_dartsim_vendor:/opt/ros/jazzy/opt/gz_cmake_vendor DEBUGINFOD_URLS=https://debuginfod.ubuntu.com /usr/bin/cmake --install /home/zenix/git/ros2/build/pose_monitor
