[0.048s] DEBUG:colcon:Command line arguments: ['/usr/bin/colcon', 'build', '--packages-select', 'map_generator']
[0.048s] DEBUG:colcon:Parsed command line arguments: Namespace(log_base=None, log_level=None, verb_name='build', build_base='build', install_base='install', merge_install=False, symlink_install=False, test_result_base=None, continue_on_error=False, executor='parallel', parallel_workers=28, event_handlers=None, ignore_user_meta=False, metas=['./colcon.meta'], base_paths=['.'], packages_ignore=None, packages_ignore_regex=None, paths=None, packages_up_to=None, packages_up_to_regex=None, packages_above=None, packages_above_and_dependencies=None, packages_above_depth=None, packages_select_by_dep=None, packages_skip_by_dep=None, packages_skip_up_to=None, packages_select_build_failed=False, packages_skip_build_finished=False, packages_select_test_failures=False, packages_skip_test_passed=False, packages_select=['map_generator'], packages_skip=None, packages_select_regex=None, packages_skip_regex=None, packages_start=None, packages_end=None, allow_overriding=[], cmake_args=None, cmake_target=None, cmake_target_skip_unavailable=False, cmake_clean_cache=False, cmake_clean_first=False, cmake_force_configure=False, ament_cmake_args=None, catkin_cmake_args=None, catkin_skip_building_tests=False, mixin_files=None, mixin=None, verb_parser=<colcon_mixin.mixin.mixin_argument.MixinArgumentDecorator object at 0x76fee8c67cb0>, verb_extension=<colcon_core.verb.build.BuildVerb object at 0x76fee8c67950>, main=<bound method BuildVerb.main of <colcon_core.verb.build.BuildVerb object at 0x76fee8c67950>>, mixin_verb=('build',))
[0.065s] Level 1:colcon.colcon_core.package_discovery:discover_packages(colcon_meta) check parameters
[0.066s] Level 1:colcon.colcon_core.package_discovery:discover_packages(recursive) check parameters
[0.066s] Level 1:colcon.colcon_core.package_discovery:discover_packages(ignore) check parameters
[0.066s] Level 1:colcon.colcon_core.package_discovery:discover_packages(path) check parameters
[0.066s] Level 1:colcon.colcon_core.package_discovery:discover_packages(colcon_meta) discover
[0.066s] Level 1:colcon.colcon_core.package_discovery:discover_packages(recursive) discover
[0.066s] INFO:colcon.colcon_core.package_discovery:Crawling recursively for packages in '/home/zenix/ros2_ws/src/map_generator'
[0.066s] Level 1:colcon.colcon_core.package_identification:_identify(.) by extensions ['ignore', 'ignore_ament_install']
[0.066s] Level 1:colcon.colcon_core.package_identification:_identify(.) by extension 'ignore'
[0.066s] Level 1:colcon.colcon_core.package_identification:_identify(.) by extension 'ignore_ament_install'
[0.066s] Level 1:colcon.colcon_core.package_identification:_identify(.) by extensions ['colcon_pkg']
[0.066s] Level 1:colcon.colcon_core.package_identification:_identify(.) by extension 'colcon_pkg'
[0.066s] Level 1:colcon.colcon_core.package_identification:_identify(.) by extensions ['colcon_meta']
[0.066s] Level 1:colcon.colcon_core.package_identification:_identify(.) by extension 'colcon_meta'
[0.066s] Level 1:colcon.colcon_core.package_identification:_identify(.) by extensions ['ros']
[0.066s] Level 1:colcon.colcon_core.package_identification:_identify(.) by extension 'ros'
[0.080s] DEBUG:colcon.colcon_core.package_identification:Package '.' with type 'ros.ament_cmake' and name 'map_generator'
[0.080s] Level 1:colcon.colcon_core.package_discovery:discover_packages(recursive) using defaults
[0.080s] Level 1:colcon.colcon_core.package_discovery:discover_packages(ignore) discover
[0.080s] Level 1:colcon.colcon_core.package_discovery:discover_packages(ignore) using defaults
[0.080s] Level 1:colcon.colcon_core.package_discovery:discover_packages(path) discover
[0.080s] Level 1:colcon.colcon_core.package_discovery:discover_packages(path) using defaults
[0.088s] Level 1:colcon.colcon_core.package_discovery:discover_packages(prefix_path) check parameters
[0.088s] Level 1:colcon.colcon_core.package_discovery:discover_packages(prefix_path) discover
[0.089s] DEBUG:colcon.colcon_installed_package_information.package_discovery:Found 3 installed packages in /home/zenix/ros2_ws/install
[0.090s] DEBUG:colcon.colcon_installed_package_information.package_discovery:Found 285 installed packages in /opt/ros/jazzy
[0.090s] Level 1:colcon.colcon_core.package_discovery:discover_packages(prefix_path) using defaults
[0.107s] Level 5:colcon.colcon_core.verb:set package 'map_generator' build argument 'cmake_args' from command line to 'None'
[0.107s] Level 5:colcon.colcon_core.verb:set package 'map_generator' build argument 'cmake_target' from command line to 'None'
[0.107s] Level 5:colcon.colcon_core.verb:set package 'map_generator' build argument 'cmake_target_skip_unavailable' from command line to 'False'
[0.107s] Level 5:colcon.colcon_core.verb:set package 'map_generator' build argument 'cmake_clean_cache' from command line to 'False'
[0.107s] Level 5:colcon.colcon_core.verb:set package 'map_generator' build argument 'cmake_clean_first' from command line to 'False'
[0.107s] Level 5:colcon.colcon_core.verb:set package 'map_generator' build argument 'cmake_force_configure' from command line to 'False'
[0.107s] Level 5:colcon.colcon_core.verb:set package 'map_generator' build argument 'ament_cmake_args' from command line to 'None'
[0.107s] Level 5:colcon.colcon_core.verb:set package 'map_generator' build argument 'catkin_cmake_args' from command line to 'None'
[0.107s] Level 5:colcon.colcon_core.verb:set package 'map_generator' build argument 'catkin_skip_building_tests' from command line to 'False'
[0.107s] DEBUG:colcon.colcon_core.verb:Building package 'map_generator' with the following arguments: {'ament_cmake_args': None, 'build_base': '/home/zenix/ros2_ws/src/map_generator/build/map_generator', 'catkin_cmake_args': None, 'catkin_skip_building_tests': False, 'cmake_args': None, 'cmake_clean_cache': False, 'cmake_clean_first': False, 'cmake_force_configure': False, 'cmake_target': None, 'cmake_target_skip_unavailable': False, 'install_base': '/home/zenix/ros2_ws/src/map_generator/install/map_generator', 'merge_install': False, 'path': '/home/zenix/ros2_ws/src/map_generator', 'symlink_install': False, 'test_result_base': None}
[0.107s] INFO:colcon.colcon_core.executor:Executing jobs using 'parallel' executor
[0.107s] DEBUG:colcon.colcon_parallel_executor.executor.parallel:run_until_complete
[0.108s] INFO:colcon.colcon_ros.task.ament_cmake.build:Building ROS package in '/home/zenix/ros2_ws/src/map_generator' with build type 'ament_cmake'
[0.108s] INFO:colcon.colcon_cmake.task.cmake.build:Building CMake package in '/home/zenix/ros2_ws/src/map_generator'
[0.108s] INFO:colcon.colcon_core.plugin_system:Skipping extension 'colcon_core.shell.bat': Not used on non-Windows systems
[0.109s] INFO:colcon.colcon_core.shell:Skip shell extension 'powershell' for command environment: Not usable outside of PowerShell
[0.109s] DEBUG:colcon.colcon_core.shell:Skip shell extension 'dsv' for command environment
[0.114s] DEBUG:colcon.colcon_core.event_handler.log_command:Invoking command in '/home/zenix/ros2_ws/src/map_generator/build/map_generator': CMAKE_PREFIX_PATH=${CMAKE_PREFIX_PATH}:/opt/ros/jazzy DEBUGINFOD_URLS=https://debuginfod.ubuntu.com /usr/bin/cmake --build /home/zenix/ros2_ws/src/map_generator/build/map_generator -- -j28 -l28
[3.447s] DEBUG:colcon.colcon_core.event_handler.log_command:Invoked command in '/home/zenix/ros2_ws/src/map_generator/build/map_generator' returned '0': CMAKE_PREFIX_PATH=${CMAKE_PREFIX_PATH}:/opt/ros/jazzy DEBUGINFOD_URLS=https://debuginfod.ubuntu.com /usr/bin/cmake --build /home/zenix/ros2_ws/src/map_generator/build/map_generator -- -j28 -l28
[3.452s] DEBUG:colcon.colcon_core.event_handler.log_command:Invoking command in '/home/zenix/ros2_ws/src/map_generator/build/map_generator': CMAKE_PREFIX_PATH=${CMAKE_PREFIX_PATH}:/opt/ros/jazzy DEBUGINFOD_URLS=https://debuginfod.ubuntu.com /usr/bin/cmake --install /home/zenix/ros2_ws/src/map_generator/build/map_generator
[3.459s] Level 1:colcon.colcon_core.environment:create_environment_scripts_only(map_generator)
[3.459s] DEBUG:colcon.colcon_core.event_handler.log_command:Invoked command in '/home/zenix/ros2_ws/src/map_generator/build/map_generator' returned '0': CMAKE_PREFIX_PATH=${CMAKE_PREFIX_PATH}:/opt/ros/jazzy DEBUGINFOD_URLS=https://debuginfod.ubuntu.com /usr/bin/cmake --install /home/zenix/ros2_ws/src/map_generator/build/map_generator
[3.460s] Level 1:colcon.colcon_core.environment:checking '/home/zenix/ros2_ws/src/map_generator/install/map_generator' for CMake module files
[3.460s] Level 1:colcon.colcon_core.environment:checking '/home/zenix/ros2_ws/src/map_generator/install/map_generator' for CMake config files
[3.460s] Level 1:colcon.colcon_core.shell:create_environment_hook('map_generator', 'cmake_prefix_path')
[3.460s] INFO:colcon.colcon_core.shell:Creating environment hook '/home/zenix/ros2_ws/src/map_generator/install/map_generator/share/map_generator/hook/cmake_prefix_path.ps1'
[3.460s] INFO:colcon.colcon_core.shell:Creating environment descriptor '/home/zenix/ros2_ws/src/map_generator/install/map_generator/share/map_generator/hook/cmake_prefix_path.dsv'
[3.460s] INFO:colcon.colcon_core.shell:Creating environment hook '/home/zenix/ros2_ws/src/map_generator/install/map_generator/share/map_generator/hook/cmake_prefix_path.sh'
[3.461s] Level 1:colcon.colcon_core.environment:checking '/home/zenix/ros2_ws/src/map_generator/install/map_generator/lib'
[3.461s] Level 1:colcon.colcon_core.environment:checking '/home/zenix/ros2_ws/src/map_generator/install/map_generator/bin'
[3.461s] Level 1:colcon.colcon_core.environment:checking '/home/zenix/ros2_ws/src/map_generator/install/map_generator/lib/pkgconfig/map_generator.pc'
[3.461s] Level 1:colcon.colcon_core.environment:checking '/home/zenix/ros2_ws/src/map_generator/install/map_generator/lib/python3.12/site-packages'
[3.461s] Level 1:colcon.colcon_core.environment:checking '/home/zenix/ros2_ws/src/map_generator/install/map_generator/bin'
[3.461s] INFO:colcon.colcon_core.shell:Creating package script '/home/zenix/ros2_ws/src/map_generator/install/map_generator/share/map_generator/package.ps1'
[3.461s] INFO:colcon.colcon_core.shell:Creating package descriptor '/home/zenix/ros2_ws/src/map_generator/install/map_generator/share/map_generator/package.dsv'
[3.462s] INFO:colcon.colcon_core.shell:Creating package script '/home/zenix/ros2_ws/src/map_generator/install/map_generator/share/map_generator/package.sh'
[3.462s] INFO:colcon.colcon_core.shell:Creating package script '/home/zenix/ros2_ws/src/map_generator/install/map_generator/share/map_generator/package.bash'
[3.462s] INFO:colcon.colcon_core.shell:Creating package script '/home/zenix/ros2_ws/src/map_generator/install/map_generator/share/map_generator/package.zsh'
[3.462s] Level 1:colcon.colcon_core.environment:create_file_with_runtime_dependencies(/home/zenix/ros2_ws/src/map_generator/install/map_generator/share/colcon-core/packages/map_generator)
[3.462s] Level 1:colcon.colcon_core.environment:create_environment_scripts_only(map_generator)
[3.463s] Level 1:colcon.colcon_core.environment:checking '/home/zenix/ros2_ws/src/map_generator/install/map_generator' for CMake module files
[3.463s] Level 1:colcon.colcon_core.environment:checking '/home/zenix/ros2_ws/src/map_generator/install/map_generator' for CMake config files
[3.463s] Level 1:colcon.colcon_core.shell:create_environment_hook('map_generator', 'cmake_prefix_path')
[3.463s] INFO:colcon.colcon_core.shell:Creating environment hook '/home/zenix/ros2_ws/src/map_generator/install/map_generator/share/map_generator/hook/cmake_prefix_path.ps1'
[3.463s] INFO:colcon.colcon_core.shell:Creating environment descriptor '/home/zenix/ros2_ws/src/map_generator/install/map_generator/share/map_generator/hook/cmake_prefix_path.dsv'
[3.463s] INFO:colcon.colcon_core.shell:Creating environment hook '/home/zenix/ros2_ws/src/map_generator/install/map_generator/share/map_generator/hook/cmake_prefix_path.sh'
[3.463s] Level 1:colcon.colcon_core.environment:checking '/home/zenix/ros2_ws/src/map_generator/install/map_generator/lib'
[3.463s] Level 1:colcon.colcon_core.environment:checking '/home/zenix/ros2_ws/src/map_generator/install/map_generator/bin'
[3.463s] Level 1:colcon.colcon_core.environment:checking '/home/zenix/ros2_ws/src/map_generator/install/map_generator/lib/pkgconfig/map_generator.pc'
[3.464s] Level 1:colcon.colcon_core.environment:checking '/home/zenix/ros2_ws/src/map_generator/install/map_generator/lib/python3.12/site-packages'
[3.464s] Level 1:colcon.colcon_core.environment:checking '/home/zenix/ros2_ws/src/map_generator/install/map_generator/bin'
[3.464s] INFO:colcon.colcon_core.shell:Creating package script '/home/zenix/ros2_ws/src/map_generator/install/map_generator/share/map_generator/package.ps1'
[3.464s] INFO:colcon.colcon_core.shell:Creating package descriptor '/home/zenix/ros2_ws/src/map_generator/install/map_generator/share/map_generator/package.dsv'
[3.464s] INFO:colcon.colcon_core.shell:Creating package script '/home/zenix/ros2_ws/src/map_generator/install/map_generator/share/map_generator/package.sh'
[3.464s] INFO:colcon.colcon_core.shell:Creating package script '/home/zenix/ros2_ws/src/map_generator/install/map_generator/share/map_generator/package.bash'
[3.464s] INFO:colcon.colcon_core.shell:Creating package script '/home/zenix/ros2_ws/src/map_generator/install/map_generator/share/map_generator/package.zsh'
[3.464s] Level 1:colcon.colcon_core.environment:create_file_with_runtime_dependencies(/home/zenix/ros2_ws/src/map_generator/install/map_generator/share/colcon-core/packages/map_generator)
[3.465s] DEBUG:colcon.colcon_parallel_executor.executor.parallel:closing loop
[3.465s] DEBUG:colcon.colcon_parallel_executor.executor.parallel:loop closed
[3.465s] DEBUG:colcon.colcon_parallel_executor.executor.parallel:run_until_complete finished with '0'
[3.465s] DEBUG:colcon.colcon_core.event_reactor:joining thread
[3.467s] INFO:colcon.colcon_core.plugin_system:Skipping extension 'colcon_notification.desktop_notification.terminal_notifier': Not used on non-Darwin systems
[3.467s] INFO:colcon.colcon_core.plugin_system:Skipping extension 'colcon_notification.desktop_notification.win32': Not used on non-Windows systems
[3.467s] INFO:colcon.colcon_notification.desktop_notification:Sending desktop notification using 'notify2'
[3.475s] DEBUG:colcon.colcon_core.event_reactor:joined thread
[3.475s] INFO:colcon.colcon_core.shell:Creating prefix script '/home/zenix/ros2_ws/src/map_generator/install/local_setup.ps1'
[3.476s] INFO:colcon.colcon_core.shell:Creating prefix util module '/home/zenix/ros2_ws/src/map_generator/install/_local_setup_util_ps1.py'
[3.476s] INFO:colcon.colcon_core.shell:Creating prefix chain script '/home/zenix/ros2_ws/src/map_generator/install/setup.ps1'
[3.477s] INFO:colcon.colcon_core.shell:Creating prefix script '/home/zenix/ros2_ws/src/map_generator/install/local_setup.sh'
[3.477s] INFO:colcon.colcon_core.shell:Creating prefix util module '/home/zenix/ros2_ws/src/map_generator/install/_local_setup_util_sh.py'
[3.477s] INFO:colcon.colcon_core.shell:Creating prefix chain script '/home/zenix/ros2_ws/src/map_generator/install/setup.sh'
[3.477s] INFO:colcon.colcon_core.shell:Creating prefix script '/home/zenix/ros2_ws/src/map_generator/install/local_setup.bash'
[3.478s] INFO:colcon.colcon_core.shell:Creating prefix chain script '/home/zenix/ros2_ws/src/map_generator/install/setup.bash'
[3.478s] INFO:colcon.colcon_core.shell:Creating prefix script '/home/zenix/ros2_ws/src/map_generator/install/local_setup.zsh'
[3.478s] INFO:colcon.colcon_core.shell:Creating prefix chain script '/home/zenix/ros2_ws/src/map_generator/install/setup.zsh'
