-- The C compiler identification is GNU 13.3.0
-- The CXX compiler identification is GNU 13.3.0
-- Detecting C compiler ABI info
-- Detecting C compiler ABI info - done
-- Check for working C compiler: /usr/bin/cc - skipped
-- Detecting C compile features
-- Detecting C compile features - done
-- Detecting CXX compiler ABI info
-- Detecting CXX compiler ABI info - done
-- Check for working CXX compiler: /usr/bin/c++ - skipped
-- Detecting CXX compile features
-- Detecting CXX compile features - done
-- Found ament_cmake: 2.5.4 (/opt/ros/jazzy/share/ament_cmake/cmake)
-- Found Python3: /usr/bin/python3 (found version "3.12.3") found components: Interpreter 
-- Found rclcpp: 28.1.11 (/opt/ros/jazzy/share/rclcpp/cmake)
-- Found rosidl_generator_c: 4.6.6 (/opt/ros/jazzy/share/rosidl_generator_c/cmake)
-- Found rosidl_generator_cpp: 4.6.6 (/opt/ros/jazzy/share/rosidl_generator_cpp/cmake)
-- Using all available rosidl_typesupport_c: rosidl_typesupport_fastrtps_c;rosidl_typesupport_introspection_c
-- Using all available rosidl_typesupport_cpp: rosidl_typesupport_fastrtps_cpp;rosidl_typesupport_introspection_cpp
-- Found rmw_implementation_cmake: 7.3.2 (/opt/ros/jazzy/share/rmw_implementation_cmake/cmake)
-- Found rmw_fastrtps_cpp: 8.4.3 (/opt/ros/jazzy/share/rmw_fastrtps_cpp/cmake)
-- Found OpenSSL: /usr/lib/x86_64-linux-gnu/libcrypto.so (found version "3.0.13")  
-- Found FastRTPS: /opt/ros/jazzy/include (Required is at least version "2.13") 
-- Using RMW implementation 'rmw_fastrtps_cpp' as default
-- Found geometry_msgs: 5.3.6 (/opt/ros/jazzy/share/geometry_msgs/cmake)
-- Found tf2: 0.36.14 (/opt/ros/jazzy/share/tf2/cmake)
-- Found tf2_geometry_msgs: 0.36.14 (/opt/ros/jazzy/share/tf2_geometry_msgs/cmake)
-- Found eigen3_cmake_module: 0.3.0 (/opt/ros/jazzy/share/eigen3_cmake_module/cmake)
-- Found Eigen3: TRUE (found version "3.4.0") 
-- Ensuring Eigen3 include directory is part of orocos-kdl CMake target
-- Found nlohmann_json: /usr/share/cmake/nlohmann_json/nlohmann_jsonConfig.cmake (found version "3.11.3") 
-- Performing Test CMAKE_HAVE_LIBC_PTHREAD
-- Performing Test CMAKE_HAVE_LIBC_PTHREAD - Success
-- Found Threads: TRUE  
-- Found visualization_msgs: 5.3.6 (/opt/ros/jazzy/share/visualization_msgs/cmake)
-- Configuring done (0.7s)
-- Generating done (0.0s)
-- Build files have been written to: /home/zenix/ros2_ws/src/map_generator/build/map_generator
[ 50%] [32mBuilding CXX object CMakeFiles/map_generator.dir/main.cpp.o[0m
[100%] [32m[1mLinking CXX executable map_generator[0m
[100%] Built target map_generator
-- Install configuration: ""
-- Installing: /home/zenix/ros2_ws/src/map_generator/install/map_generator/lib/map_generator/map_generator
-- Set non-toolchain portion of runtime path of "/home/zenix/ros2_ws/src/map_generator/install/map_generator/lib/map_generator/map_generator" to ""
-- Installing: /home/zenix/ros2_ws/src/map_generator/install/map_generator/share/ament_index/resource_index/package_run_dependencies/map_generator
-- Installing: /home/zenix/ros2_ws/src/map_generator/install/map_generator/share/ament_index/resource_index/parent_prefix_path/map_generator
-- Installing: /home/zenix/ros2_ws/src/map_generator/install/map_generator/share/map_generator/environment/ament_prefix_path.sh
-- Installing: /home/zenix/ros2_ws/src/map_generator/install/map_generator/share/map_generator/environment/ament_prefix_path.dsv
-- Installing: /home/zenix/ros2_ws/src/map_generator/install/map_generator/share/map_generator/environment/path.sh
-- Installing: /home/zenix/ros2_ws/src/map_generator/install/map_generator/share/map_generator/environment/path.dsv
-- Installing: /home/zenix/ros2_ws/src/map_generator/install/map_generator/share/map_generator/local_setup.bash
-- Installing: /home/zenix/ros2_ws/src/map_generator/install/map_generator/share/map_generator/local_setup.sh
-- Installing: /home/zenix/ros2_ws/src/map_generator/install/map_generator/share/map_generator/local_setup.zsh
-- Installing: /home/zenix/ros2_ws/src/map_generator/install/map_generator/share/map_generator/local_setup.dsv
-- Installing: /home/zenix/ros2_ws/src/map_generator/install/map_generator/share/map_generator/package.dsv
-- Installing: /home/zenix/ros2_ws/src/map_generator/install/map_generator/share/ament_index/resource_index/packages/map_generator
-- Installing: /home/zenix/ros2_ws/src/map_generator/install/map_generator/share/map_generator/cmake/map_generatorConfig.cmake
-- Installing: /home/zenix/ros2_ws/src/map_generator/install/map_generator/share/map_generator/cmake/map_generatorConfig-version.cmake
-- Installing: /home/zenix/ros2_ws/src/map_generator/install/map_generator/share/map_generator/package.xml
