[ 50%] [32mBuilding CXX object CMakeFiles/map_generator.dir/main.cpp.o[0m
[100%] [32m[1mLinking CXX executable map_generator[0m
[100%] Built target map_generator
-- Install configuration: ""
-- Installing: /home/zenix/ros2_ws/src/map_generator/install/map_generator/lib/map_generator/map_generator
-- Set non-toolchain portion of runtime path of "/home/zenix/ros2_ws/src/map_generator/install/map_generator/lib/map_generator/map_generator" to ""
-- Up-to-date: /home/zenix/ros2_ws/src/map_generator/install/map_generator/share/ament_index/resource_index/package_run_dependencies/map_generator
-- Up-to-date: /home/zenix/ros2_ws/src/map_generator/install/map_generator/share/ament_index/resource_index/parent_prefix_path/map_generator
-- Up-to-date: /home/zenix/ros2_ws/src/map_generator/install/map_generator/share/map_generator/environment/ament_prefix_path.sh
-- Up-to-date: /home/zenix/ros2_ws/src/map_generator/install/map_generator/share/map_generator/environment/ament_prefix_path.dsv
-- Up-to-date: /home/zenix/ros2_ws/src/map_generator/install/map_generator/share/map_generator/environment/path.sh
-- Up-to-date: /home/zenix/ros2_ws/src/map_generator/install/map_generator/share/map_generator/environment/path.dsv
-- Up-to-date: /home/zenix/ros2_ws/src/map_generator/install/map_generator/share/map_generator/local_setup.bash
-- Up-to-date: /home/zenix/ros2_ws/src/map_generator/install/map_generator/share/map_generator/local_setup.sh
-- Up-to-date: /home/zenix/ros2_ws/src/map_generator/install/map_generator/share/map_generator/local_setup.zsh
-- Up-to-date: /home/zenix/ros2_ws/src/map_generator/install/map_generator/share/map_generator/local_setup.dsv
-- Installing: /home/zenix/ros2_ws/src/map_generator/install/map_generator/share/map_generator/package.dsv
-- Up-to-date: /home/zenix/ros2_ws/src/map_generator/install/map_generator/share/ament_index/resource_index/packages/map_generator
-- Up-to-date: /home/zenix/ros2_ws/src/map_generator/install/map_generator/share/map_generator/cmake/map_generatorConfig.cmake
-- Up-to-date: /home/zenix/ros2_ws/src/map_generator/install/map_generator/share/map_generator/cmake/map_generatorConfig-version.cmake
-- Up-to-date: /home/zenix/ros2_ws/src/map_generator/install/map_generator/share/map_generator/package.xml
